#
# A fatal error has been detected by the Java Runtime Environment:
#
#  EXCEPTION_ACCESS_VIOLATION (0xc0000005) at pc=0x05f844a0, pid=11236, tid=5220
#
# JRE version: 6.0_16-b01
# Java VM: Java HotSpot(TM) Client VM (14.2-b01 mixed mode, sharing windows-x86 )
# Problematic frame:
# C  [myron_ezcam.dll+0x44a0]
#
# If you would like to submit a bug report, please visit:
#   http://java.sun.com/webapps/bugreport/crash.jsp
# The crash happened outside the Java Virtual Machine in native code.
# See problematic frame for where to report the bug.
#

---------------  T H R E A D  ---------------

Current thread (0x055c7000):  JavaThread "Timer-3" [_thread_in_native, id=5220, stack(0x07140000,0x07190000)]

siginfo: ExceptionCode=0xc0000005, reading address 0x00000000

Registers:
EAX=0x32db8020, EBX=0x00000000, ECX=0x00005460, EDX=0x00000000
ESP=0x0718f844, EBP=0x0718f84c, ESI=0x00000000, EDI=0x32db8020
EIP=0x05f844a0, EFLAGS=0x00010206

Top of Stack: (sp=0x0718f844)
0x0718f844:   002a3000 00000000 0718f87c 05f84559
0x0718f854:   32db8020 00000000 002a3000 00000000
0x0718f864:   00000000 055c1670 00000000 00000000
0x0718f874:   062804a0 284550e8 0718f8b4 05f81412
0x0718f884:   32db8020 00000000 002a3000 055c7001
0x0718f894:   060b0b88 055c7000 05666d10 0718f894
0x0718f8a4:   0554e594 055c7000 00000a00 00000000
0x0718f8b4:   0718f8bc 05f81835 0718f924 05f527d5 

Instructions: (pc=0x05f844a0)
0x05f84490:   7d 08 8b 4d 10 c1 e9 07 eb 06 8d 9b 00 00 00 00
0x05f844a0:   66 0f 6f 06 66 0f 6f 4e 10 66 0f 6f 56 20 66 0f 


Stack: [0x07140000,0x07190000],  sp=0x0718f844,  free space=318k
Native frames: (J=compiled Java code, j=interpreted, Vv=VM code, C=native code)
C  [myron_ezcam.dll+0x44a0]
C  [myron_ezcam.dll+0x4559]
C  [myron_ezcam.dll+0x1412]
C  [myron_ezcam.dll+0x1835]
C  [JMyron.dll+0x27d5]
j  JMyron.JMyron.update()V+1
j  palmPrint.SnapCapturer.updateImage()V+4
j  palmPrint.SnapCapturer$MyTimerTask.run()V+15
j  java.util.TimerThread.mainLoop()V+221
j  java.util.TimerThread.run()V+1
v  ~StubRoutines::call_stub
V  [jvm.dll+0xecf9c]
V  [jvm.dll+0x1741e1]
V  [jvm.dll+0xed167]
V  [jvm.dll+0xed1dd]
V  [jvm.dll+0x116290]
V  [jvm.dll+0x1d0424]
V  [jvm.dll+0x173e5c]
C  [msvcr71.dll+0x9565]
C  [KERNEL32.DLL+0x138f4]
C  [ntdll.dll+0x65de3]
C  [ntdll.dll+0x65dae]

Java frames: (J=compiled Java code, j=interpreted, Vv=VM code)
j  JMyron.JMyron.native_update()V+0
j  JMyron.JMyron.update()V+1
j  palmPrint.SnapCapturer.updateImage()V+4
j  palmPrint.SnapCapturer$MyTimerTask.run()V+15
j  java.util.TimerThread.mainLoop()V+221
j  java.util.TimerThread.run()V+1
v  ~StubRoutines::call_stub

---------------  P R O C E S S  ---------------

Java Threads: ( => current thread )
=>0x055c7000 JavaThread "Timer-3" [_thread_in_native, id=5220, stack(0x07140000,0x07190000)]
  0x0553d000 JavaThread "TimerQueue" daemon [_thread_blocked, id=4208, stack(0x05ef0000,0x05f40000)]
  0x00cb9000 JavaThread "DestroyJavaVM" [_thread_blocked, id=4632, stack(0x007c0000,0x00810000)]
  0x05543000 JavaThread "AWT-EventQueue-0" [_thread_blocked, id=5212, stack(0x05be0000,0x05c30000)]
  0x04608000 JavaThread "AWT-Windows" daemon [_thread_in_native, id=4844, stack(0x04fe0000,0x05030000)]
  0x04607800 JavaThread "AWT-Shutdown" [_thread_blocked, id=10744, stack(0x04f50000,0x04fa0000)]
  0x04607400 JavaThread "Java2D Disposer" daemon [_thread_blocked, id=8372, stack(0x04ec0000,0x04f10000)]
  0x04582800 JavaThread "Low Memory Detector" daemon [_thread_blocked, id=8276, stack(0x04a10000,0x04a60000)]
  0x0457c400 JavaThread "CompilerThread0" daemon [_thread_blocked, id=10804, stack(0x04980000,0x049d0000)]
  0x0457b400 JavaThread "Attach Listener" daemon [_thread_blocked, id=7588, stack(0x048f0000,0x04940000)]
  0x04575800 JavaThread "Signal Dispatcher" daemon [_thread_blocked, id=10008, stack(0x04860000,0x048b0000)]
  0x04533000 JavaThread "Finalizer" daemon [_thread_blocked, id=9412, stack(0x047d0000,0x04820000)]
  0x04531c00 JavaThread "Reference Handler" daemon [_thread_blocked, id=8668, stack(0x04740000,0x04790000)]

Other Threads:
  0x04530400 VMThread [stack: 0x00c60000,0x00cb0000] [id=1492]
  0x04583000 WatcherThread [stack: 0x04aa0000,0x04af0000] [id=644]

VM state:not at safepoint (normal execution)

VM Mutex/Monitor currently owned by a thread: None

Heap
 def new generation   total 3072K, used 364K [0x083a0000, 0x086f0000, 0x0ab00000)
  eden space 2752K,   1% used [0x083a0000, 0x083ab150, 0x08650000)
  from space 320K, 100% used [0x086a0000, 0x086f0000, 0x086f0000)
  to   space 320K,   0% used [0x08650000, 0x08650000, 0x086a0000)
 tenured generation   total 40284K, used 30068K [0x0ab00000, 0x0d257000, 0x283a0000)
   the space 40284K,  74% used [0x0ab00000, 0x0c85d380, 0x0c85d400, 0x0d257000)
 compacting perm gen  total 12288K, used 1066K [0x283a0000, 0x28fa0000, 0x2c3a0000)
   the space 12288K,   8% used [0x283a0000, 0x284aa868, 0x284aaa00, 0x28fa0000)
    ro space 8192K,  67% used [0x2c3a0000, 0x2c909040, 0x2c909200, 0x2cba0000)
    rw space 12288K,  54% used [0x2cba0000, 0x2d21d348, 0x2d21d400, 0x2d7a0000)

Dynamic libraries:
0x00400000 - 0x00424000 	C:\Program Files (x86)\Java\jdk1.6.0_16\jre\bin\java.exe
0x770b0000 - 0x7722b000 	C:\WINDOWS\SYSTEM32\ntdll.dll
0x74b20000 - 0x74c00000 	C:\WINDOWS\SYSTEM32\KERNEL32.DLL
0x76b10000 - 0x76c8e000 	C:\WINDOWS\SYSTEM32\KERNELBASE.dll
0x72f50000 - 0x72fe2000 	C:\WINDOWS\system32\apphelp.dll
0x74a50000 - 0x74acb000 	C:\WINDOWS\SYSTEM32\ADVAPI32.dll
0x73fb0000 - 0x7406e000 	C:\WINDOWS\SYSTEM32\msvcrt.dll
0x741d0000 - 0x74214000 	C:\WINDOWS\SYSTEM32\sechost.dll
0x74c00000 - 0x74cad000 	C:\WINDOWS\SYSTEM32\RPCRT4.dll
0x73de0000 - 0x73dfe000 	C:\WINDOWS\SYSTEM32\SspiCli.dll
0x73dd0000 - 0x73dda000 	C:\WINDOWS\SYSTEM32\CRYPTBASE.dll
0x74170000 - 0x741c8000 	C:\WINDOWS\SYSTEM32\bcryptPrimitives.dll
0x7c340000 - 0x7c396000 	C:\Program Files (x86)\Java\jdk1.6.0_16\jre\bin\msvcr71.dll
0x6d8b0000 - 0x6db3b000 	C:\Program Files (x86)\Java\jdk1.6.0_16\jre\bin\client\jvm.dll
0x74da0000 - 0x74ee7000 	C:\WINDOWS\SYSTEM32\USER32.dll
0x75020000 - 0x7516f000 	C:\WINDOWS\SYSTEM32\GDI32.dll
0x70d30000 - 0x70d54000 	C:\WINDOWS\SYSTEM32\WINMM.dll
0x00700000 - 0x00723000 	C:\WINDOWS\SYSTEM32\WINMMBASE.dll
0x748d0000 - 0x74907000 	C:\WINDOWS\SYSTEM32\cfgmgr32.dll
0x77070000 - 0x7709b000 	C:\WINDOWS\SYSTEM32\IMM32.DLL
0x6d860000 - 0x6d86c000 	C:\Program Files (x86)\Java\jdk1.6.0_16\jre\bin\verify.dll
0x6d3e0000 - 0x6d3ff000 	C:\Program Files (x86)\Java\jdk1.6.0_16\jre\bin\java.dll
0x6d340000 - 0x6d348000 	C:\Program Files (x86)\Java\jdk1.6.0_16\jre\bin\hpi.dll
0x74d90000 - 0x74d96000 	C:\WINDOWS\SYSTEM32\PSAPI.DLL
0x6d8a0000 - 0x6d8af000 	C:\Program Files (x86)\Java\jdk1.6.0_16\jre\bin\zip.dll
0x6d0b0000 - 0x6d1fa000 	C:\Program Files (x86)\Java\jdk1.6.0_16\jre\bin\awt.dll
0x73e60000 - 0x73f4b000 	C:\WINDOWS\SYSTEM32\ole32.dll
0x76c90000 - 0x76e4d000 	C:\WINDOWS\SYSTEM32\combase.dll
0x70c90000 - 0x70cf7000 	C:\WINDOWS\SYSTEM32\WINSPOOL.DRV
0x738c0000 - 0x738db000 	C:\WINDOWS\SYSTEM32\bcrypt.dll
0x04af0000 - 0x04d54000 	C:\WINDOWS\AppPatch\AcGenral.DLL
0x76fc0000 - 0x77005000 	C:\WINDOWS\SYSTEM32\SHLWAPI.dll
0x747b0000 - 0x74842000 	C:\WINDOWS\SYSTEM32\OLEAUT32.dll
0x75170000 - 0x7656e000 	C:\WINDOWS\SYSTEM32\SHELL32.dll
0x73580000 - 0x735f5000 	C:\WINDOWS\SYSTEM32\UxTheme.dll
0x6f280000 - 0x6f295000 	C:\WINDOWS\SYSTEM32\samcli.dll
0x76610000 - 0x76b0a000 	C:\WINDOWS\SYSTEM32\windows.storage.dll
0x6e9e0000 - 0x6e9f8000 	C:\WINDOWS\SYSTEM32\MSACM32.dll
0x770a0000 - 0x770ac000 	C:\WINDOWS\SYSTEM32\kernel.appcore.dll
0x73d00000 - 0x73d08000 	C:\WINDOWS\SYSTEM32\VERSION.dll
0x74d00000 - 0x74d8d000 	C:\WINDOWS\SYSTEM32\shcore.dll
0x74cb0000 - 0x74cf4000 	C:\WINDOWS\SYSTEM32\powrprof.dll
0x74ef0000 - 0x74eff000 	C:\WINDOWS\SYSTEM32\profapi.dll
0x73910000 - 0x73929000 	C:\WINDOWS\SYSTEM32\USERENV.dll
0x73130000 - 0x7314d000 	C:\WINDOWS\SYSTEM32\dwmapi.dll
0x72790000 - 0x7290d000 	C:\WINDOWS\SYSTEM32\urlmon.dll
0x6e9b0000 - 0x6e9c6000 	C:\WINDOWS\SYSTEM32\MPR.dll
0x724c0000 - 0x7278b000 	C:\WINDOWS\SYSTEM32\iertutil.dll
0x73600000 - 0x7380f000 	C:\WINDOWS\WinSxS\x86_microsoft.windows.common-controls_6595b64144ccf1df_6.0.10586.0_none_d3c2e4e965da4528\comctl32.dll
0x74f00000 - 0x7501f000 	C:\WINDOWS\SYSTEM32\MSCTF.dll
0x6d2e0000 - 0x6d334000 	C:\Program Files (x86)\Java\jdk1.6.0_16\jre\bin\fontmanager.dll
0x6d6c0000 - 0x6d6d3000 	C:\Program Files (x86)\Java\jdk1.6.0_16\jre\bin\net.dll
0x73f50000 - 0x73faf000 	C:\WINDOWS\SYSTEM32\WS2_32.dll
0x73cb0000 - 0x73cff000 	C:\WINDOWS\system32\mswsock.dll
0x6d6e0000 - 0x6d6e9000 	C:\Program Files (x86)\Java\jdk1.6.0_16\jre\bin\nio.dll
0x6d500000 - 0x6d524000 	C:\Program Files (x86)\Java\jdk1.6.0_16\jre\bin\jpeg.dll
0x749c0000 - 0x74a44000 	C:\WINDOWS\SYSTEM32\clbcatq.dll
0x70af0000 - 0x70b31000 	C:\WINDOWS\system32\dataexchange.dll
0x708d0000 - 0x70aea000 	C:\WINDOWS\system32\d3d11.dll
0x70820000 - 0x708c7000 	C:\WINDOWS\system32\dcomp.dll
0x70790000 - 0x70813000 	C:\WINDOWS\system32\dxgi.dll
0x721e0000 - 0x722ad000 	C:\WINDOWS\system32\twinapi.appcore.dll
0x05f50000 - 0x05f6b000 	C:\Windows\System32\JMyron.dll
0x05f80000 - 0x05f94000 	C:\WINDOWS\SYSTEM32\myron_ezcam.dll
0x05fa0000 - 0x05fb3000 	C:\WINDOWS\SYSTEM32\DSVL.dll
0x7c3a0000 - 0x7c41b000 	C:\WINDOWS\SYSTEM32\MSVCP71.dll
0x6ebd0000 - 0x6ed7c000 	C:\WINDOWS\SYSTEM32\QUARTZ.dll
0x6eb90000 - 0x6ebca000 	C:\Windows\SYSTEM32\qcap.dll
0x70c40000 - 0x70c63000 	C:\Windows\SYSTEM32\MSVFW32.dll
0x6ea70000 - 0x6eb01000 	C:\Windows\SYSTEM32\qedit.dll
0x74070000 - 0x74162000 	C:\WINDOWS\SYSTEM32\COMDLG32.dll
0x73e00000 - 0x73e5e000 	C:\WINDOWS\SYSTEM32\FirewallAPI.dll
0x748b0000 - 0x748c3000 	C:\WINDOWS\SYSTEM32\NETAPI32.dll
0x713c0000 - 0x7152b000 	C:\WINDOWS\WinSxS\x86_microsoft.windows.gdiplus_6595b64144ccf1df_1.1.10586.20_none_22adb5eaa762c7fa\gdiplus.dll
0x72f40000 - 0x72f4b000 	C:\Windows\SYSTEM32\DAVHLPR.DLL
0x70e30000 - 0x70e5d000 	C:\WINDOWS\SYSTEM32\fwbase.dll
0x6e2a0000 - 0x6e2b5000 	C:\Windows\SYSTEM32\devenum.dll
0x743a0000 - 0x747ab000 	C:\WINDOWS\SYSTEM32\setupapi.dll
0x72ff0000 - 0x73018000 	C:\WINDOWS\SYSTEM32\ntmarta.dll
0x73da0000 - 0x73dc2000 	C:\WINDOWS\SYSTEM32\DEVOBJ.dll
0x74ad0000 - 0x74b12000 	C:\WINDOWS\SYSTEM32\WINTRUST.dll
0x749a0000 - 0x749ae000 	C:\WINDOWS\SYSTEM32\MSASN1.dll
0x74220000 - 0x74398000 	C:\WINDOWS\SYSTEM32\CRYPT32.dll
0x6e290000 - 0x6e299000 	C:\WINDOWS\SYSTEM32\msdmo.dll
0x6ea30000 - 0x6ea6d000 	C:\Windows\SYSTEM32\ksproxy.ax
0x6def0000 - 0x6e0bb000 	C:\Windows\SYSTEM32\d3d9.dll
0x6ea00000 - 0x6ea07000 	C:\Windows\SYSTEM32\ksuser.dll
0x061c0000 - 0x0620a000 	C:\WINDOWS\SYSTEM32\policymanager.dll
0x6c1d0000 - 0x6c235000 	C:\Windows\SYSTEM32\msvcp110_win.dll
0x6eb80000 - 0x6eb8c000 	C:\Windows\SYSTEM32\vidcap.ax
0x6ea10000 - 0x6ea30000 	C:\Windows\SYSTEM32\kswdmcap.ax
0x6e5a0000 - 0x6e6cf000 	C:\Windows\SYSTEM32\MFC42.dll
0x6e500000 - 0x6e599000 	C:\Windows\SYSTEM32\ODBC32.dll
0x70db0000 - 0x70db8000 	C:\Windows\SYSTEM32\DPAPI.dll

VM Arguments:
jvm_args: -Dfile.encoding=UTF-8 -Xmx512m 
java_command: palmPrint.MainForm
Launcher Type: SUN_STANDARD

Environment Variables:
PATH=C:\WINDOWS\system32;C:\WINDOWS;C:\WINDOWS\System32\Wbem;C:\WINDOWS\System32\WindowsPowerShell\v1.0\;C:\Program Files (x86)\ATI Technologies\ATI.ACE\Core-Static;C:\Program Files (x86)\Windows Kits\8.1\Windows Performance Toolkit\;C:\Program Files\Microsoft SQL Server\110\Tools\Binn\
USERNAME=kaushal
OS=Windows_NT
PROCESSOR_IDENTIFIER=Intel64 Family 6 Model 58 Stepping 9, GenuineIntel



---------------  S Y S T E M  ---------------

OS: Windows NT 6.2 Build 9200 

CPU:total 4 (8 cores per cpu, 2 threads per core) family 6 model 58 stepping 9, cmov, cx8, fxsr, mmx, sse, sse2, sse3, ssse3, sse4.1, sse4.2, ht

Memory: 4k page, physical 2097151k(1214196k free), swap 4194303k(2241992k free)

vm_info: Java HotSpot(TM) Client VM (14.2-b01) for windows-x86 JRE (1.6.0_16-b01), built on Jul 31 2009 11:26:58 by "java_re" with MS VC++ 7.1

time: Fri Mar 18 19:43:47 2016
elapsed time: 77 seconds

